==30275== Memcheck, a memory error detector
==30275== Copyright (C) 2002-2015, and GNU GPL'd, by Julian Seward et al.
==30275== Using Valgrind-3.11.0 and LibVEX; rerun with -h for copyright info
==30275== Command: ./3
==30275== Parent PID: 28482
==30275== 
--30275-- 
--30275-- Valgrind options:
--30275--    --leak-check=full
--30275--    --log-file=logfile.out
--30275--    -v
--30275-- Contents of /proc/version:
--30275--   Linux version 4.4.0-71-generic (buildd@lcy01-05) (gcc version 5.4.0 20160609 (Ubuntu 5.4.0-6ubuntu1~16.04.4) ) #92-Ubuntu SMP Fri Mar 24 12:59:01 UTC 2017
--30275-- 
--30275-- Arch and hwcaps: AMD64, LittleEndian, amd64-cx16-rdtscp-sse3-avx
--30275-- Page sizes: currently 4096, max supported 4096
--30275-- Valgrind library directory: /usr/lib/valgrind
--30275-- Reading syms from /home/luigy/Desktop/paralelos2017/algoritmo-paralelos-csunsa/lab1/3
--30275-- Reading syms from /lib/x86_64-linux-gnu/ld-2.23.so
--30275--   Considering /lib/x86_64-linux-gnu/ld-2.23.so ..
--30275--   .. CRC mismatch (computed 10768843 wanted ef0d0121)
--30275--   Considering /usr/lib/debug/lib/x86_64-linux-gnu/ld-2.23.so ..
--30275--   .. CRC is valid
--30275-- Reading syms from /usr/lib/valgrind/memcheck-amd64-linux
--30275--   Considering /usr/lib/valgrind/memcheck-amd64-linux ..
--30275--   .. CRC mismatch (computed 5529a2c7 wanted 5bd23904)
--30275--    object doesn't have a symbol table
--30275--    object doesn't have a dynamic symbol table
--30275-- Scheduler: using generic scheduler lock implementation.
--30275-- Reading suppressions file: /usr/lib/valgrind/default.supp
==30275== embedded gdbserver: reading from /tmp/vgdb-pipe-from-vgdb-to-30275-by-luigy-on-???
==30275== embedded gdbserver: writing to   /tmp/vgdb-pipe-to-vgdb-from-30275-by-luigy-on-???
==30275== embedded gdbserver: shared mem   /tmp/vgdb-pipe-shared-mem-vgdb-30275-by-luigy-on-???
==30275== 
==30275== TO CONTROL THIS PROCESS USING vgdb (which you probably
==30275== don't want to do, unless you know exactly what you're doing,
==30275== or are doing some strange experiment):
==30275==   /usr/lib/valgrind/../../bin/vgdb --pid=30275 ...command...
==30275== 
==30275== TO DEBUG THIS PROCESS USING GDB: start GDB like this
==30275==   /path/to/gdb ./3
==30275== and then give GDB the following command
==30275==   target remote | /usr/lib/valgrind/../../bin/vgdb --pid=30275
==30275== --pid is optional if only one valgrind process is running
==30275== 
--30275-- REDIR: 0x401cdc0 (ld-linux-x86-64.so.2:strlen) redirected to 0x3809e181 (???)
--30275-- Reading syms from /usr/lib/valgrind/vgpreload_core-amd64-linux.so
--30275--   Considering /usr/lib/valgrind/vgpreload_core-amd64-linux.so ..
--30275--   .. CRC mismatch (computed a30c8eaa wanted 7ae2fed4)
--30275--    object doesn't have a symbol table
--30275-- Reading syms from /usr/lib/valgrind/vgpreload_memcheck-amd64-linux.so
--30275--   Considering /usr/lib/valgrind/vgpreload_memcheck-amd64-linux.so ..
--30275--   .. CRC mismatch (computed 402c2ab5 wanted 745f25ae)
--30275--    object doesn't have a symbol table
==30275== WARNING: new redirection conflicts with existing -- ignoring it
--30275--     old: 0x0401cdc0 (strlen              ) R-> (0000.0) 0x3809e181 ???
--30275--     new: 0x0401cdc0 (strlen              ) R-> (2007.0) 0x04c31020 strlen
--30275-- REDIR: 0x401b710 (ld-linux-x86-64.so.2:index) redirected to 0x4c30bc0 (index)
--30275-- REDIR: 0x401b930 (ld-linux-x86-64.so.2:strcmp) redirected to 0x4c320d0 (strcmp)
--30275-- REDIR: 0x401db20 (ld-linux-x86-64.so.2:mempcpy) redirected to 0x4c35270 (mempcpy)
--30275-- Reading syms from /usr/lib/x86_64-linux-gnu/libstdc++.so.6.0.21
--30275--   Considering /usr/lib/x86_64-linux-gnu/libstdc++.so.6.0.21 ..
--30275--   .. CRC mismatch (computed 834c912e wanted c67ab13d)
--30275--    object doesn't have a symbol table
--30275-- Reading syms from /lib/x86_64-linux-gnu/libc-2.23.so
--30275--   Considering /lib/x86_64-linux-gnu/libc-2.23.so ..
--30275--   .. CRC mismatch (computed f3344b67 wanted 8e4ae80b)
--30275--   Considering /usr/lib/debug/lib/x86_64-linux-gnu/libc-2.23.so ..
--30275--   .. CRC is valid
--30275-- Reading syms from /lib/x86_64-linux-gnu/libm-2.23.so
--30275--   Considering /lib/x86_64-linux-gnu/libm-2.23.so ..
--30275--   .. CRC mismatch (computed 3989a391 wanted dd37ef77)
--30275--   Considering /usr/lib/debug/lib/x86_64-linux-gnu/libm-2.23.so ..
--30275--   .. CRC is valid
--30275-- Reading syms from /lib/x86_64-linux-gnu/libgcc_s.so.1
--30275--   Considering /lib/x86_64-linux-gnu/libgcc_s.so.1 ..
--30275--   .. CRC mismatch (computed b9a68419 wanted 29d51b00)
--30275--    object doesn't have a symbol table
--30275-- REDIR: 0x524ae50 (libc.so.6:strcasecmp) redirected to 0x4a286f0 (_vgnU_ifunc_wrapper)
--30275-- REDIR: 0x52466d0 (libc.so.6:strcspn) redirected to 0x4a286f0 (_vgnU_ifunc_wrapper)
--30275-- REDIR: 0x524d140 (libc.so.6:strncasecmp) redirected to 0x4a286f0 (_vgnU_ifunc_wrapper)
--30275-- REDIR: 0x5248b40 (libc.so.6:strpbrk) redirected to 0x4a286f0 (_vgnU_ifunc_wrapper)
--30275-- REDIR: 0x5248ed0 (libc.so.6:strspn) redirected to 0x4a286f0 (_vgnU_ifunc_wrapper)
--30275-- REDIR: 0x524a59b (libc.so.6:memcpy@GLIBC_2.2.5) redirected to 0x4a286f0 (_vgnU_ifunc_wrapper)
--30275-- REDIR: 0x5248850 (libc.so.6:rindex) redirected to 0x4c308a0 (rindex)
--30275-- REDIR: 0x523f580 (libc.so.6:malloc) redirected to 0x4c2db20 (malloc)
--30275-- REDIR: 0x5246b70 (libc.so.6:strlen) redirected to 0x4c30f60 (strlen)
--30275-- REDIR: 0x524a040 (libc.so.6:__GI_memcmp) redirected to 0x4c33b90 (__GI_memcmp)
--30275-- REDIR: 0x5245120 (libc.so.6:strcmp) redirected to 0x4a286f0 (_vgnU_ifunc_wrapper)
--30275-- REDIR: 0x525a9c0 (libc.so.6:__strcmp_sse2_unaligned) redirected to 0x4c31f90 (strcmp)
--30275-- REDIR: 0x4ec7f10 (libstdc++.so.6:operator new[](unsigned long)) redirected to 0x4c2e7a0 (operator new[](unsigned long))
--30275-- REDIR: 0x524a000 (libc.so.6:bcmp) redirected to 0x4a286f0 (_vgnU_ifunc_wrapper)
--30275-- REDIR: 0x5329840 (libc.so.6:__memcmp_sse4_1) redirected to 0x4c33cd0 (__memcmp_sse4_1)
--30275-- REDIR: 0x5251bb0 (libc.so.6:strchrnul) redirected to 0x4c34da0 (strchrnul)
--30275-- REDIR: 0x524a800 (libc.so.6:__GI_mempcpy) redirected to 0x4c34fa0 (__GI_mempcpy)
--30275-- REDIR: 0x524f840 (libc.so.6:memcpy@@GLIBC_2.14) redirected to 0x4a286f0 (_vgnU_ifunc_wrapper)
--30275-- REDIR: 0x525ac70 (libc.so.6:__memcpy_sse2_unaligned) redirected to 0x4c324a0 (memcpy@@GLIBC_2.14)
--30275-- REDIR: 0x5249cb0 (libc.so.6:memchr) redirected to 0x4c32170 (memchr)
--30275-- REDIR: 0x523f940 (libc.so.6:free) redirected to 0x4c2ed80 (free)
==30275== 
==30275== HEAP SUMMARY:
==30275==     in use at exit: 73,664 bytes in 28 blocks
==30275==   total heap usage: 29 allocs, 1 frees, 74,688 bytes allocated
==30275== 
==30275== Searching for pointers to 28 not-freed blocks
==30275== Checked 115,608 bytes
==30275== 
==30275== 320 (64 direct, 256 indirect) bytes in 1 blocks are definitely lost in loss record 4 of 7
==30275==    at 0x4C2E80F: operator new[](unsigned long) (in /usr/lib/valgrind/vgpreload_memcheck-amd64-linux.so)
==30275==    by 0x400A5E: start(int**&, int) (in /home/luigy/Desktop/paralelos2017/algoritmo-paralelos-csunsa/lab1/3)
==30275==    by 0x400D57: main (in /home/luigy/Desktop/paralelos2017/algoritmo-paralelos-csunsa/lab1/3)
==30275== 
==30275== 320 (64 direct, 256 indirect) bytes in 1 blocks are definitely lost in loss record 5 of 7
==30275==    at 0x4C2E80F: operator new[](unsigned long) (in /usr/lib/valgrind/vgpreload_memcheck-amd64-linux.so)
==30275==    by 0x400A5E: start(int**&, int) (in /home/luigy/Desktop/paralelos2017/algoritmo-paralelos-csunsa/lab1/3)
==30275==    by 0x400D7E: main (in /home/luigy/Desktop/paralelos2017/algoritmo-paralelos-csunsa/lab1/3)
==30275== 
==30275== 320 (64 direct, 256 indirect) bytes in 1 blocks are definitely lost in loss record 6 of 7
==30275==    at 0x4C2E80F: operator new[](unsigned long) (in /usr/lib/valgrind/vgpreload_memcheck-amd64-linux.so)
==30275==    by 0x400A5E: start(int**&, int) (in /home/luigy/Desktop/paralelos2017/algoritmo-paralelos-csunsa/lab1/3)
==30275==    by 0x400DA5: main (in /home/luigy/Desktop/paralelos2017/algoritmo-paralelos-csunsa/lab1/3)
==30275== 
==30275== LEAK SUMMARY:
==30275==    definitely lost: 192 bytes in 3 blocks
==30275==    indirectly lost: 768 bytes in 24 blocks
==30275==      possibly lost: 0 bytes in 0 blocks
==30275==    still reachable: 72,704 bytes in 1 blocks
==30275==         suppressed: 0 bytes in 0 blocks
==30275== Reachable blocks (those to which a pointer was found) are not shown.
==30275== To see them, rerun with: --leak-check=full --show-leak-kinds=all
==30275== 
==30275== ERROR SUMMARY: 3 errors from 3 contexts (suppressed: 0 from 0)
==30275== ERROR SUMMARY: 3 errors from 3 contexts (suppressed: 0 from 0)
